<?xml version="1.0" encoding="UTF-8"?>
<!-- Generated by org.testng.reporters.JUnitXMLReporter -->
<testsuite ignored="0" hostname="DESKTOP-7IBSP58" failures="1" tests="3" name="Test" time="41.789" errors="0" timestamp="2022-10-20T15:16:20 IST">
  <testcase classname="tests.Login" name="testLogin" time="17.819">
    <failure type="java.lang.AssertionError" message="expected [true] but found [false]">
      <![CDATA[java.lang.AssertionError: expected [true] but found [false]
at tests.Login.testLogin(Login.java:64)
at java.base/java.util.ArrayList.forEach(ArrayList.java:1541)
... Removed 33 stack frames]]>
    </failure>
  </testcase> <!-- testLogin -->
  <testcase classname="tests.Login" name="testLogin" time="12.932"/>
  <testcase classname="tests.Login" name="testLogin" time="5.458"/>
</testsuite> <!-- Test -->
